#
# There is insufficient memory for the Java Runtime Environment to continue.
# Native memory allocation (malloc) failed to allocate 533136 bytes for Chunk::new
# Possible reasons:
#   The system is out of physical RAM or swap space
#   The process is running with CompressedOops enabled, and the Java Heap may be blocking the growth of the native heap
# Possible solutions:
#   Reduce memory load on the system
#   Increase physical memory or swap space
#   Check if swap backing store is full
#   Decrease Java heap size (-Xmx/-Xms)
#   Decrease number of Java threads
#   Decrease Java thread stack sizes (-Xss)
#   Set larger code cache with -XX:ReservedCodeCacheSize=
#   JVM is running with Unscaled Compressed Oops mode in which the Java heap is
#     placed in the first 4GB address space. The Java Heap base address is the
#     maximum limit for the native heap growth. Please use -XX:HeapBaseMinAddress
#     to set the Java Heap base and to place the Java Heap above 4GB virtual address.
# This output file may be truncated or incomplete.
#
#  Out of Memory Error (allocation.cpp:389), pid=18764, tid=0x00000000000016fc
#
# JRE version: OpenJDK Runtime Environment (8.0_242-b01) (build 1.8.0_242-release-1644-b01)
# Java VM: OpenJDK 64-Bit Server VM (25.242-b01 mixed mode windows-amd64 compressed oops)
# Failed to write core dump. Minidumps are not enabled by default on client versions of Windows
#

---------------  T H R E A D  ---------------

Current thread (0x000000001855c800):  JavaThread "C2 CompilerThread2" daemon [_thread_in_native, id=5884, stack(0x0000000019010000,0x0000000019110000)]

Stack: [0x0000000019010000,0x0000000019110000]
[error occurred during error reporting (printing stack bounds), id 0xc0000005]

Native frames: (J=compiled Java code, j=interpreted, Vv=VM code, C=native code)


Current CompileTask:
C2: 387708 14307       4       org.gradle.internal.logging.sink.OutputEventTransformer::onOutput (399 bytes)


---------------  P R O C E S S  ---------------

Java Threads: ( => current thread )
  0x00000000216b5000 JavaThread "Exec process Thread 6" [_thread_in_native, id=19924, stack(0x0000000032270000,0x0000000032370000)]
  0x00000000216b4000 JavaThread "Exec process Thread 5" [_thread_in_native, id=15616, stack(0x0000000032170000,0x0000000032270000)]
  0x00000000216ac800 JavaThread "Exec process Thread 4" [_thread_in_native, id=10744, stack(0x0000000026240000,0x0000000026340000)]
  0x00000000216b3800 JavaThread "Cache worker for execution history cache (D:\Programming\Flutter\covidly\android\.gradle\6.7\executionHistory)" [_thread_blocked, id=22408, stack(0x0000000032070000,0x0000000032170000)]
  0x00000000216ad800 JavaThread "Execution worker for ':' Thread 7" [_thread_blocked, id=7412, stack(0x0000000031f70000,0x0000000032070000)]
  0x00000000216ac000 JavaThread "Execution worker for ':' Thread 6" [_thread_blocked, id=14700, stack(0x0000000031e70000,0x0000000031f70000)]
  0x00000000216b2800 JavaThread "Execution worker for ':' Thread 5" [_thread_blocked, id=12224, stack(0x0000000031d70000,0x0000000031e70000)]
  0x00000000216af000 JavaThread "Execution worker for ':' Thread 4" [_thread_blocked, id=17232, stack(0x0000000026570000,0x0000000026670000)]
  0x00000000216ab000 JavaThread "Execution worker for ':' Thread 3" [_thread_blocked, id=15224, stack(0x0000000026470000,0x0000000026570000)]
  0x00000000216b2000 JavaThread "Execution worker for ':' Thread 2" [_thread_blocked, id=10092, stack(0x0000000026370000,0x0000000026470000)]
  0x00000000216b1000 JavaThread "Execution worker for ':'" [_thread_blocked, id=14184, stack(0x0000000025d30000,0x0000000025e30000)]
  0x000000002179c000 JavaThread "Build operations Thread 8" [_thread_blocked, id=18472, stack(0x0000000022800000,0x0000000022900000)]
  0x000000002179a000 JavaThread "Build operations Thread 7" [_thread_blocked, id=21004, stack(0x0000000022700000,0x0000000022800000)]
  0x000000001d76e000 JavaThread "Build operations Thread 6" [_thread_blocked, id=8076, stack(0x0000000022600000,0x0000000022700000)]
  0x000000001d76c800 JavaThread "Build operations Thread 5" [_thread_blocked, id=14452, stack(0x0000000022500000,0x0000000022600000)]
  0x000000001d76c000 JavaThread "Build operations Thread 4" [_thread_blocked, id=21452, stack(0x0000000022400000,0x0000000022500000)]
  0x000000001d76b000 JavaThread "Build operations Thread 3" [_thread_blocked, id=4656, stack(0x0000000022300000,0x0000000022400000)]
  0x000000001d76a800 JavaThread "Build operations Thread 2" [_thread_blocked, id=13140, stack(0x0000000022200000,0x0000000022300000)]
  0x000000001d769800 JavaThread "Build operations" [_thread_blocked, id=12876, stack(0x0000000020f30000,0x0000000021030000)]
  0x000000001d769000 JavaThread "Cache worker for Build Output Cleanup Cache (D:\Programming\Flutter\covidly\android\.gradle\buildOutputCleanup)" [_thread_blocked, id=4812, stack(0x0000000020730000,0x0000000020830000)]
  0x000000001d768000 JavaThread "Cache worker for cache directory md-rule (C:\Users\This PC\.gradle\caches\6.7\md-rule)" [_thread_blocked, id=17776, stack(0x000000001ff30000,0x0000000020030000)]
  0x000000001d760800 JavaThread "Cache worker for cache directory md-supplier (C:\Users\This PC\.gradle\caches\6.7\md-supplier)" [_thread_blocked, id=6448, stack(0x000000001fe30000,0x000000001ff30000)]
  0x000000001d767800 JavaThread "Cache worker for checksums cache (D:\Programming\Flutter\covidly\android\.gradle\checksums)" [_thread_blocked, id=14308, stack(0x000000001fb30000,0x000000001fc30000)]
  0x000000001d75f000 JavaThread "Cache worker for file hash cache (D:\Programming\Flutter\covidly\android\.gradle\6.7\fileHashes)" [_thread_blocked, id=12392, stack(0x000000001e800000,0x000000001e900000)]
  0x000000001d764800 JavaThread "Thread-159" [_thread_blocked, id=18132, stack(0x000000001d030000,0x000000001d130000)]
  0x000000001d760000 JavaThread "Stdin handler" [_thread_blocked, id=1528, stack(0x000000001cf30000,0x000000001d030000)]
  0x000000001d762000 JavaThread "Asynchronous log dispatcher for DefaultDaemonConnection: socket connection from /127.0.0.1:10065 to /127.0.0.1:10447" [_thread_blocked, id=22312, stack(0x000000001ce30000,0x000000001cf30000)]
  0x000000001d765000 JavaThread "Daemon worker Thread 2" [_thread_blocked, id=3328, stack(0x000000001cd30000,0x000000001ce30000)]
  0x000000001d766000 JavaThread "Cancel handler" [_thread_blocked, id=5480, stack(0x000000001c730000,0x000000001c830000)]
  0x000000001d761800 JavaThread "Handler for socket connection from /127.0.0.1:10065 to /127.0.0.1:10447" [_thread_in_native, id=17440, stack(0x000000001c2f0000,0x000000001c3f0000)]
  0x000000001d763800 JavaThread "Daemon Thread 2" [_thread_blocked, id=16568, stack(0x000000001c1f0000,0x000000001c2f0000)]
  0x000000001b4bb800 JavaThread "Memory manager" [_thread_blocked, id=21880, stack(0x000000002a000000,0x000000002a100000)]
  0x000000001a5cd800 JavaThread "Cache worker for file content cache (C:\Users\This PC\.gradle\caches\6.7\fileContent)" [_thread_blocked, id=22296, stack(0x0000000020830000,0x0000000020930000)]
  0x000000001a5c7000 JavaThread "Cache worker for execution history cache (C:\Users\This PC\.gradle\caches\6.7\executionHistory)" [_thread_blocked, id=14008, stack(0x0000000020030000,0x0000000020130000)]
  0x000000001a5c4800 JavaThread "Cache worker for journal cache (C:\Users\This PC\.gradle\caches\journal-1)" [_thread_blocked, id=14900, stack(0x000000001d530000,0x000000001d630000)]
  0x000000001a5c4000 JavaThread "File lock request listener" [_thread_in_native, id=19764, stack(0x000000001d430000,0x000000001d530000)]
  0x000000001a5c1800 JavaThread "Cache worker for file hash cache (C:\Users\This PC\.gradle\caches\6.7\fileHashes)" [_thread_blocked, id=12696, stack(0x000000001d330000,0x000000001d430000)]
  0x000000001855f800 JavaThread "Daemon periodic checks" [_thread_blocked, id=19912, stack(0x000000001c630000,0x000000001c730000)]
  0x000000001855e000 JavaThread "Incoming local TCP Connector on port 10065" [_thread_in_native, id=13420, stack(0x000000001c3f0000,0x000000001c4f0000)]
  0x000000001855d000 JavaThread "Daemon health stats" [_thread_blocked, id=16216, stack(0x000000001bdb0000,0x000000001beb0000)]
  0x00000000185fb800 JavaThread "Service Thread" daemon [_thread_blocked, id=21908, stack(0x0000000019210000,0x0000000019310000)]
  0x000000001855e800 JavaThread "C1 CompilerThread3" daemon [_thread_blocked, id=9044, stack(0x0000000019110000,0x0000000019210000)]
=>0x000000001855c800 JavaThread "C2 CompilerThread2" daemon [_thread_in_native, id=5884, stack(0x0000000019010000,0x0000000019110000)]
  0x000000001854e800 JavaThread "C2 CompilerThread1" daemon [_thread_blocked, id=15064, stack(0x0000000018f10000,0x0000000019010000)]
  0x0000000018548000 JavaThread "C2 CompilerThread0" daemon [_thread_blocked, id=22488, stack(0x0000000018e10000,0x0000000018f10000)]
  0x0000000018543000 JavaThread "Attach Listener" daemon [_thread_blocked, id=1784, stack(0x0000000018d10000,0x0000000018e10000)]
  0x0000000018541000 JavaThread "Signal Dispatcher" daemon [_thread_blocked, id=4448, stack(0x0000000018c10000,0x0000000018d10000)]
  0x000000000289e000 JavaThread "Finalizer" daemon [_thread_blocked, id=3708, stack(0x0000000018a10000,0x0000000018b10000)]
  0x0000000018530800 JavaThread "Reference Handler" daemon [_thread_blocked, id=17640, stack(0x0000000018910000,0x0000000018a10000)]
  0x00000000027a2800 JavaThread "main" [_thread_blocked, id=16516, stack(0x0000000002600000,0x0000000002700000)]

Other Threads:
  0x0000000016718800 VMThread [stack: 0x0000000018410000,0x0000000018510000] [id=13572]
  0x00000000185fd000 WatcherThread [stack: 0x0000000019310000,0x0000000019410000] [id=17224]

VM state:not at safepoint (normal execution)

VM Mutex/Monitor currently owned by a thread: None

heap address: 0x00000000a0000000, size: 1536 MB, Compressed Oops mode: 32-bit
Narrow klass base: 0x0000000000000000, Narrow klass shift: 3
Compressed class space size: 1073741824 Address: 0x0000000100000000

Heap:
 PSYoungGen      total 206848K, used 68753K [0x00000000e0000000, 0x00000000ee800000, 0x0000000100000000)
  eden space 181248K, 27% used [0x00000000e0000000,0x00000000e306fd08,0x00000000eb100000)
  from space 25600K, 74% used [0x00000000ecf00000,0x00000000ee1b4880,0x00000000ee800000)
  to   space 28160K, 0% used [0x00000000eb100000,0x00000000eb100000,0x00000000ecc80000)
 ParOldGen       total 353280K, used 201628K [0x00000000a0000000, 0x00000000b5900000, 0x00000000e0000000)
  object space 353280K, 57% used [0x00000000a0000000,0x00000000ac4e7038,0x00000000b5900000)
 Metaspace       used 82374K, capacity 88314K, committed 88576K, reserved 1126400K
  class space    used 11094K, capacity 12226K, committed 12288K, reserved 1048576K

Card table byte_map: [0x0000000011d20000,0x0000000012030000] byte_map_base: 0x0000000011820000

Marking Bits: (ParMarkBitMap*) 0x000000005333f030
 Begin Bits: [0x0000000012a30000, 0x0000000014230000)
 End Bits:   [0x0000000014230000, 0x0000000015a30000)

Polling page: 0x0000000000be0000

CodeCache: size=245760Kb used=38704Kb max_used=38730Kb free=207055Kb
 bounds [0x0000000002960000, 0x0000000004f70000, 0x0000000011960000]
 total_blobs=12978 nmethods=12149 adapters=741
 compilation: enabled

Compilation events (10 events):
Event: 385.488 Thread 0x000000001855e800 nmethod 14304 0x00000000031045d0 code [0x0000000003104720, 0x0000000003104830]
Event: 387.565 Thread 0x000000001855e800 14305       3       java.io.FilterOutputStream::write (9 bytes)
Event: 387.565 Thread 0x000000001855e800 nmethod 14305 0x00000000035c61d0 code [0x00000000035c6340, 0x00000000035c6568]
Event: 387.566 Thread 0x000000001855c800 14307       4       org.gradle.internal.logging.sink.OutputEventTransformer::onOutput (399 bytes)
Event: 387.591 Thread 0x000000001855e800 14306       3       org.gradle.internal.io.LinePerThreadBufferingOutputStream::write (9 bytes)
Event: 387.591 Thread 0x000000001855e800 nmethod 14306 0x00000000034e1550 code [0x00000000034e16c0, 0x00000000034e1918]
Event: 387.619 Thread 0x000000001855e800 14308       3       org.gradle.internal.io.LinePerThreadBufferingOutputStream::getStream (44 bytes)
Event: 387.623 Thread 0x000000001855e800 nmethod 14308 0x0000000002b5d090 code [0x0000000002b5d2a0, 0x0000000002b5dcf8]
Event: 387.643 Thread 0x000000001855e800 14309   !   3       java.io.PrintStream::write (66 bytes)
Event: 387.648 Thread 0x000000001855e800 nmethod 14309 0x0000000004f60850 code [0x0000000004f60a20, 0x0000000004f611b8]

GC Heap History (10 events):
Event: 89.588 GC heap before
{Heap before GC invocations=25 (full 4):
 PSYoungGen      total 174592K, used 15831K [0x00000000e0000000, 0x00000000ed700000, 0x0000000100000000)
  eden space 147968K, 0% used [0x00000000e0000000,0x00000000e0000000,0x00000000e9080000)
  from space 26624K, 59% used [0x00000000e9080000,0x00000000e9ff5f50,0x00000000eaa80000)
  to   space 26624K, 0% used [0x00000000ebd00000,0x00000000ebd00000,0x00000000ed700000)
 ParOldGen       total 120320K, used 115085K [0x00000000a0000000, 0x00000000a7580000, 0x00000000e0000000)
  object space 120320K, 95% used [0x00000000a0000000,0x00000000a70637b0,0x00000000a7580000)
 Metaspace       used 75983K, capacity 81488K, committed 81792K, reserved 1120256K
  class space    used 10510K, capacity 11572K, committed 11648K, reserved 1048576K
Event: 90.121 GC heap after
Heap after GC invocations=25 (full 4):
 PSYoungGen      total 174592K, used 0K [0x00000000e0000000, 0x00000000ed700000, 0x0000000100000000)
  eden space 147968K, 0% used [0x00000000e0000000,0x00000000e0000000,0x00000000e9080000)
  from space 26624K, 0% used [0x00000000e9080000,0x00000000e9080000,0x00000000eaa80000)
  to   space 26624K, 0% used [0x00000000ebd00000,0x00000000ebd00000,0x00000000ed700000)
 ParOldGen       total 254464K, used 119423K [0x00000000a0000000, 0x00000000af880000, 0x00000000e0000000)
  object space 254464K, 46% used [0x00000000a0000000,0x00000000a749fde0,0x00000000af880000)
 Metaspace       used 75786K, capacity 80904K, committed 81792K, reserved 1120256K
  class space    used 10448K, capacity 11464K, committed 11648K, reserved 1048576K
}
Event: 92.677 GC heap before
{Heap before GC invocations=26 (full 4):
 PSYoungGen      total 174592K, used 140714K [0x00000000e0000000, 0x00000000ed700000, 0x0000000100000000)
  eden space 147968K, 95% used [0x00000000e0000000,0x00000000e896aaf0,0x00000000e9080000)
  from space 26624K, 0% used [0x00000000e9080000,0x00000000e9080000,0x00000000eaa80000)
  to   space 26624K, 0% used [0x00000000ebd00000,0x00000000ebd00000,0x00000000ed700000)
 ParOldGen       total 254464K, used 119423K [0x00000000a0000000, 0x00000000af880000, 0x00000000e0000000)
  object space 254464K, 46% used [0x00000000a0000000,0x00000000a749fde0,0x00000000af880000)
 Metaspace       used 77427K, capacity 82614K, committed 83200K, reserved 1120256K
  class space    used 10647K, capacity 11679K, committed 11776K, reserved 1048576K
Event: 92.726 GC heap after
Heap after GC invocations=26 (full 4):
 PSYoungGen      total 192000K, used 19676K [0x00000000e0000000, 0x00000000edd80000, 0x0000000100000000)
  eden space 165376K, 0% used [0x00000000e0000000,0x00000000e0000000,0x00000000ea180000)
  from space 26624K, 73% used [0x00000000ebd00000,0x00000000ed037150,0x00000000ed700000)
  to   space 28160K, 0% used [0x00000000ea180000,0x00000000ea180000,0x00000000ebd00000)
 ParOldGen       total 254464K, used 234837K [0x00000000a0000000, 0x00000000af880000, 0x00000000e0000000)
  object space 254464K, 92% used [0x00000000a0000000,0x00000000ae555460,0x00000000af880000)
 Metaspace       used 77427K, capacity 82614K, committed 83200K, reserved 1120256K
  class space    used 10647K, capacity 11679K, committed 11776K, reserved 1048576K
}
Event: 92.726 GC heap before
{Heap before GC invocations=27 (full 5):
 PSYoungGen      total 192000K, used 19676K [0x00000000e0000000, 0x00000000edd80000, 0x0000000100000000)
  eden space 165376K, 0% used [0x00000000e0000000,0x00000000e0000000,0x00000000ea180000)
  from space 26624K, 73% used [0x00000000ebd00000,0x00000000ed037150,0x00000000ed700000)
  to   space 28160K, 0% used [0x00000000ea180000,0x00000000ea180000,0x00000000ebd00000)
 ParOldGen       total 254464K, used 234837K [0x00000000a0000000, 0x00000000af880000, 0x00000000e0000000)
  object space 254464K, 92% used [0x00000000a0000000,0x00000000ae555460,0x00000000af880000)
 Metaspace       used 77427K, capacity 82614K, committed 83200K, reserved 1120256K
  class space    used 10647K, capacity 11679K, committed 11776K, reserved 1048576K
Event: 92.938 GC heap after
Heap after GC invocations=27 (full 5):
 PSYoungGen      total 192000K, used 0K [0x00000000e0000000, 0x00000000edd80000, 0x0000000100000000)
  eden space 165376K, 0% used [0x00000000e0000000,0x00000000e0000000,0x00000000ea180000)
  from space 26624K, 0% used [0x00000000ebd00000,0x00000000ebd00000,0x00000000ed700000)
  to   space 28160K, 0% used [0x00000000ea180000,0x00000000ea180000,0x00000000ebd00000)
 ParOldGen       total 353280K, used 149090K [0x00000000a0000000, 0x00000000b5900000, 0x00000000e0000000)
  object space 353280K, 42% used [0x00000000a0000000,0x00000000a91988a8,0x00000000b5900000)
 Metaspace       used 77426K, capacity 82608K, committed 83200K, reserved 1120256K
  class space    used 10646K, capacity 11678K, committed 11776K, reserved 1048576K
}
Event: 93.888 GC heap before
{Heap before GC invocations=28 (full 5):
 PSYoungGen      total 192000K, used 164650K [0x00000000e0000000, 0x00000000edd80000, 0x0000000100000000)
  eden space 165376K, 99% used [0x00000000e0000000,0x00000000ea0caa48,0x00000000ea180000)
  from space 26624K, 0% used [0x00000000ebd00000,0x00000000ebd00000,0x00000000ed700000)
  to   space 28160K, 0% used [0x00000000ea180000,0x00000000ea180000,0x00000000ebd00000)
 ParOldGen       total 353280K, used 149090K [0x00000000a0000000, 0x00000000b5900000, 0x00000000e0000000)
  object space 353280K, 42% used [0x00000000a0000000,0x00000000a91988a8,0x00000000b5900000)
 Metaspace       used 77859K, capacity 83126K, committed 83584K, reserved 1120256K
  class space    used 10711K, capacity 11767K, committed 11904K, reserved 1048576K
Event: 93.909 GC heap after
Heap after GC invocations=28 (full 5):
 PSYoungGen      total 193536K, used 9512K [0x00000000e0000000, 0x00000000ee980000, 0x0000000100000000)
  eden space 165376K, 0% used [0x00000000e0000000,0x00000000e0000000,0x00000000ea180000)
  from space 28160K, 33% used [0x00000000ea180000,0x00000000eaaca258,0x00000000ebd00000)
  to   space 27136K, 0% used [0x00000000ecf00000,0x00000000ecf00000,0x00000000ee980000)
 ParOldGen       total 353280K, used 201620K [0x00000000a0000000, 0x00000000b5900000, 0x00000000e0000000)
  object space 353280K, 57% used [0x00000000a0000000,0x00000000ac4e5038,0x00000000b5900000)
 Metaspace       used 77859K, capacity 83126K, committed 83584K, reserved 1120256K
  class space    used 10711K, capacity 11767K, committed 11904K, reserved 1048576K
}
Event: 283.020 GC heap before
{Heap before GC invocations=29 (full 5):
 PSYoungGen      total 193536K, used 174888K [0x00000000e0000000, 0x00000000ee980000, 0x0000000100000000)
  eden space 165376K, 100% used [0x00000000e0000000,0x00000000ea180000,0x00000000ea180000)
  from space 28160K, 33% used [0x00000000ea180000,0x00000000eaaca258,0x00000000ebd00000)
  to   space 27136K, 0% used [0x00000000ecf00000,0x00000000ecf00000,0x00000000ee980000)
 ParOldGen       total 353280K, used 201620K [0x00000000a0000000, 0x00000000b5900000, 0x00000000e0000000)
  object space 353280K, 57% used [0x00000000a0000000,0x00000000ac4e5038,0x00000000b5900000)
 Metaspace       used 81922K, capacity 87548K, committed 87680K, reserved 1124352K
  class space    used 11031K, capacity 12127K, committed 12160K, reserved 1048576K
Event: 283.065 GC heap after
Heap after GC invocations=29 (full 5):
 PSYoungGen      total 206848K, used 19154K [0x00000000e0000000, 0x00000000ee800000, 0x0000000100000000)
  eden space 181248K, 0% used [0x00000000e0000000,0x00000000e0000000,0x00000000eb100000)
  from space 25600K, 74% used [0x00000000ecf00000,0x00000000ee1b4880,0x00000000ee800000)
  to   space 28160K, 0% used [0x00000000eb100000,0x00000000eb100000,0x00000000ecc80000)
 ParOldGen       total 353280K, used 201628K [0x00000000a0000000, 0x00000000b5900000, 0x00000000e0000000)
  object space 353280K, 57% used [0x00000000a0000000,0x00000000ac4e7038,0x00000000b5900000)
 Metaspace       used 81922K, capacity 87548K, committed 87680K, reserved 1124352K
  class space    used 11031K, capacity 12127K, committed 12160K, reserved 1048576K
}

Deoptimization events (10 events):
Event: 283.065 Thread 0x0000000018530800 Uncommon trap: reason=unstable_if action=reinterpret pc=0x00000000039719fc method=java.lang.ref.Reference.tryHandlePending(Z)Z @ 20
Event: 283.580 Thread 0x000000001d765000 Uncommon trap: reason=unstable_if action=reinterpret pc=0x00000000049b52b0 method=org.gradle.api.internal.attributes.DefaultImmutableAttributes.equals(Ljava/lang/Object;)Z @ 43
Event: 284.313 Thread 0x00000000216b1000 Uncommon trap: reason=class_check action=maybe_recompile pc=0x00000000034745ec method=org.gradle.internal.snapshot.SnapshotUtil.handlePathRelationship(Ljava/lang/String;Lorg/gradle/internal/snapshot/VfsRelativePath;Lorg/gradle/internal/snapshot/CaseSensit
Event: 284.314 Thread 0x00000000216b1000 Uncommon trap: reason=class_check action=maybe_recompile pc=0x00000000034745ec method=org.gradle.internal.snapshot.SnapshotUtil.handlePathRelationship(Ljava/lang/String;Lorg/gradle/internal/snapshot/VfsRelativePath;Lorg/gradle/internal/snapshot/CaseSensit
Event: 284.467 Thread 0x00000000216b1000 Uncommon trap: reason=bimorphic action=maybe_recompile pc=0x0000000003e6b328 method=org.gradle.internal.ImmutableActionSet.add(Lorg/gradle/api/Action;)Lorg/gradle/internal/ImmutableActionSet; @ 83
Event: 284.468 Thread 0x00000000216b1000 Uncommon trap: reason=bimorphic action=maybe_recompile pc=0x0000000003e6b328 method=org.gradle.internal.ImmutableActionSet.add(Lorg/gradle/api/Action;)Lorg/gradle/internal/ImmutableActionSet; @ 83
Event: 387.559 Thread 0x00000000216b4000 Uncommon trap: reason=class_check action=maybe_recompile pc=0x0000000004c8b5c4 method=org.gradle.internal.logging.sink.OutputEventTransformer.onOutput(Lorg/gradle/internal/logging/events/OutputEvent;)V @ 335
Event: 387.563 Thread 0x00000000216b4000 Uncommon trap: reason=class_check action=maybe_recompile pc=0x0000000004c8b5c4 method=org.gradle.internal.logging.sink.OutputEventTransformer.onOutput(Lorg/gradle/internal/logging/events/OutputEvent;)V @ 335
Event: 387.564 Thread 0x00000000216b4000 Uncommon trap: reason=class_check action=maybe_recompile pc=0x0000000004c8b5c4 method=org.gradle.internal.logging.sink.OutputEventTransformer.onOutput(Lorg/gradle/internal/logging/events/OutputEvent;)V @ 335
Event: 387.564 Thread 0x00000000216b4000 Uncommon trap: reason=class_check action=maybe_recompile pc=0x0000000004c8b5c4 method=org.gradle.internal.logging.sink.OutputEventTransformer.onOutput(Lorg/gradle/internal/logging/events/OutputEvent;)V @ 335

Classes redefined (0 events):
No events

Internal exceptions (10 events):
Event: 94.515 Thread 0x000000002179a000 Exception <a 'java/lang/ClassNotFoundException': org/codehaus/groovy/runtime/HandleMetaClassCustomizer> (0x00000000e112bd60) thrown at [C:\src\AOSP-openjdk-git\hotspot\src\share\vm\classfile\systemDictionary.cpp, line 210]
Event: 94.523 Thread 0x000000002179a000 Exception <a 'java/lang/ClassNotFoundException': java/util/Collections$SingletonListBeanInfo> (0x00000000e123e020) thrown at [C:\src\AOSP-openjdk-git\hotspot\src\share\vm\classfile\systemDictionary.cpp, line 210]
Event: 94.523 Thread 0x000000002179a000 Exception <a 'java/lang/ClassNotFoundException': java/util/Collections$SingletonListCustomizer> (0x00000000e124ae48) thrown at [C:\src\AOSP-openjdk-git\hotspot\src\share\vm\classfile\systemDictionary.cpp, line 210]
Event: 94.538 Thread 0x000000002179a000 Exception <a 'java/lang/ClassNotFoundException': com/android/build/OutputFileBeanInfo> (0x00000000e12a6e60) thrown at [C:\src\AOSP-openjdk-git\hotspot\src\share\vm\classfile\systemDictionary.cpp, line 210]
Event: 94.539 Thread 0x000000002179a000 Exception <a 'java/lang/ClassNotFoundException': com/android/build/OutputFileCustomizer> (0x00000000e12bb260) thrown at [C:\src\AOSP-openjdk-git\hotspot\src\share\vm\classfile\systemDictionary.cpp, line 210]
Event: 95.147 Thread 0x000000001855b000 Implicit null exception at 0x0000000003fe44ee to 0x0000000003fe53f5
Event: 279.063 Thread 0x000000001d765000 Implicit null exception at 0x0000000003e4dc4f to 0x0000000003e4dc99
Event: 279.216 Thread 0x000000001d765000 Implicit null exception at 0x0000000004affd9f to 0x0000000004b00162
Event: 280.090 Thread 0x000000001d765000 Implicit null exception at 0x00000000042deaa3 to 0x00000000042debcd
Event: 282.982 Thread 0x000000001d765000 Exception <a 'sun/nio/fs/WindowsException'> (0x00000000ea097020) thrown at [C:\src\AOSP-openjdk-git\hotspot\src\share\vm\prims\jni.cpp, line 710]

Events (10 events):
Event: 387.563 Thread 0x00000000216b4000 DEOPT PACKING pc=0x0000000004c8b5c4 sp=0x000000003226eb70
Event: 387.563 Thread 0x00000000216b4000 DEOPT UNPACKING pc=0x00000000029a557b sp=0x000000003226eb60 mode 2
Event: 387.564 Thread 0x00000000216b4000 Uncommon trap: trap_request=0xffffffde fr.pc=0x0000000004c8b5c4
Event: 387.564 Thread 0x00000000216b4000 DEOPT PACKING pc=0x0000000004c8b5c4 sp=0x000000003226eb70
Event: 387.564 Thread 0x00000000216b4000 DEOPT UNPACKING pc=0x00000000029a557b sp=0x000000003226eb60 mode 2
Event: 387.564 Thread 0x00000000216b4000 Uncommon trap: trap_request=0xffffffde fr.pc=0x0000000004c8b5c4
Event: 387.565 Thread 0x00000000216b4000 DEOPT PACKING pc=0x0000000004c8b5c4 sp=0x000000003226eb70
Event: 387.565 Thread 0x00000000216b4000 DEOPT UNPACKING pc=0x00000000029a557b sp=0x000000003226eb60 mode 2
Event: 387.588 Thread 0x000000001855e800 flushing nmethod 0x0000000003fb1050
Event: 387.599 Thread 0x000000001855e800 flushing nmethod 0x00000000040897d0


Dynamic libraries:
0x00007ff79f6c0000 - 0x00007ff79f6f1000 	D:\Android\Android Studio\jre\bin\java.exe
0x00007ffc971b0000 - 0x00007ffc973a6000 	C:\WINDOWS\SYSTEM32\ntdll.dll
0x00007ffc65a60000 - 0x00007ffc65a72000 	C:\Program Files\AVAST Software\Avast\aswhook.dll
0x00007ffc96930000 - 0x00007ffc969ed000 	C:\WINDOWS\System32\KERNEL32.DLL
0x00007ffc94c00000 - 0x00007ffc94ec9000 	C:\WINDOWS\System32\KERNELBASE.dll
0x00007ffc95210000 - 0x00007ffc952bc000 	C:\WINDOWS\System32\ADVAPI32.dll
0x00007ffc96210000 - 0x00007ffc962ae000 	C:\WINDOWS\System32\msvcrt.dll
0x00007ffc96540000 - 0x00007ffc965dc000 	C:\WINDOWS\System32\sechost.dll
0x00007ffc969f0000 - 0x00007ffc96b1b000 	C:\WINDOWS\System32\RPCRT4.dll
0x00007ffc96790000 - 0x00007ffc96930000 	C:\WINDOWS\System32\USER32.dll
0x00007ffc948f0000 - 0x00007ffc94912000 	C:\WINDOWS\System32\win32u.dll
0x00007ffc960c0000 - 0x00007ffc960ea000 	C:\WINDOWS\System32\GDI32.dll
0x00007ffc95100000 - 0x00007ffc95209000 	C:\WINDOWS\System32\gdi32full.dll
0x00007ffc95060000 - 0x00007ffc950fd000 	C:\WINDOWS\System32\msvcp_win.dll
0x00007ffc94b00000 - 0x00007ffc94c00000 	C:\WINDOWS\System32\ucrtbase.dll
0x00007ffc7cc80000 - 0x00007ffc7cf1b000 	C:\WINDOWS\WinSxS\amd64_microsoft.windows.common-controls_6595b64144ccf1df_6.0.19041.488_none_ca04af081b815d21\COMCTL32.dll
0x00007ffc960f0000 - 0x00007ffc96120000 	C:\WINDOWS\System32\IMM32.DLL
0x0000000053d30000 - 0x0000000053e02000 	D:\Android\Android Studio\jre\jre\bin\msvcr100.dll
0x0000000052b70000 - 0x00000000533bb000 	D:\Android\Android Studio\jre\jre\bin\server\jvm.dll
0x00007ffc96120000 - 0x00007ffc96128000 	C:\WINDOWS\System32\PSAPI.DLL
0x00007ffc83350000 - 0x00007ffc83359000 	C:\WINDOWS\SYSTEM32\WSOCK32.dll
0x00007ffc965e0000 - 0x00007ffc9664b000 	C:\WINDOWS\System32\WS2_32.dll
0x00007ffc8b8a0000 - 0x00007ffc8b8c7000 	C:\WINDOWS\SYSTEM32\WINMM.dll
0x00007ffc8b8d0000 - 0x00007ffc8b8da000 	C:\WINDOWS\SYSTEM32\VERSION.dll
0x00007ffc8f6b0000 - 0x00007ffc8f6bf000 	D:\Android\Android Studio\jre\jre\bin\verify.dll
0x00007ffc87540000 - 0x00007ffc87569000 	D:\Android\Android Studio\jre\jre\bin\java.dll
0x00007ffc88d00000 - 0x00007ffc88d16000 	D:\Android\Android Studio\jre\jre\bin\zip.dll
0x00007ffc95470000 - 0x00007ffc95bb2000 	C:\WINDOWS\System32\SHELL32.dll
0x00007ffc925e0000 - 0x00007ffc92d75000 	C:\WINDOWS\SYSTEM32\windows.storage.dll
0x00007ffc95bc0000 - 0x00007ffc95f16000 	C:\WINDOWS\System32\combase.dll
0x00007ffc94270000 - 0x00007ffc9429c000 	C:\WINDOWS\SYSTEM32\Wldp.dll
0x00007ffc95f20000 - 0x00007ffc95fce000 	C:\WINDOWS\System32\SHCORE.dll
0x00007ffc96050000 - 0x00007ffc960a5000 	C:\WINDOWS\System32\shlwapi.dll
0x00007ffc94820000 - 0x00007ffc94846000 	C:\WINDOWS\SYSTEM32\profapi.dll
0x00007ffc64ac0000 - 0x00007ffc64ada000 	D:\Android\Android Studio\jre\jre\bin\net.dll
0x00007ffc93fc0000 - 0x00007ffc9402a000 	C:\WINDOWS\system32\mswsock.dll
0x00007ffc63830000 - 0x00007ffc63843000 	D:\Android\Android Studio\jre\jre\bin\nio.dll
0x00007ffc849e0000 - 0x00007ffc84a06000 	C:\Users\This PC\.gradle\native\fdc75f09e3144964f2cf3f50f0aa648679c211496f362492102eb8c894070792\windows-amd64\native-platform.dll
0x00007ffc6bb20000 - 0x00007ffc6bcb1000 	C:\Users\This PC\.gradle\native\12488b8bf47d2d4c9fbf2f6322a914ad602e24e48041cd04a747c6da556b65c4\windows-amd64\native-platform-file-events.dll
0x00007ffc8d380000 - 0x00007ffc8d38d000 	D:\Android\Android Studio\jre\jre\bin\management.dll
0x00007ffc94170000 - 0x00007ffc94188000 	C:\WINDOWS\SYSTEM32\CRYPTSP.dll
0x00007ffc93960000 - 0x00007ffc93994000 	C:\WINDOWS\system32\rsaenh.dll
0x00007ffc94fe0000 - 0x00007ffc95007000 	C:\WINDOWS\System32\bcrypt.dll
0x00007ffc947e0000 - 0x00007ffc9480e000 	C:\WINDOWS\SYSTEM32\USERENV.dll
0x00007ffc94a80000 - 0x00007ffc94b00000 	C:\WINDOWS\System32\bcryptprimitives.dll
0x00007ffc94160000 - 0x00007ffc9416c000 	C:\WINDOWS\SYSTEM32\CRYPTBASE.dll
0x00007ffc93cc0000 - 0x00007ffc93cfb000 	C:\WINDOWS\SYSTEM32\IPHLPAPI.DLL
0x00007ffc960b0000 - 0x00007ffc960b8000 	C:\WINDOWS\System32\NSI.dll
0x00007ffc8bb80000 - 0x00007ffc8bb97000 	C:\WINDOWS\SYSTEM32\dhcpcsvc6.DLL
0x00007ffc8bb10000 - 0x00007ffc8bb2d000 	C:\WINDOWS\SYSTEM32\dhcpcsvc.DLL
0x00007ffc93d00000 - 0x00007ffc93dcb000 	C:\WINDOWS\SYSTEM32\DNSAPI.dll
0x00007ffc8bcc0000 - 0x00007ffc8bccb000 	C:\WINDOWS\SYSTEM32\WINNSI.DLL

VM Arguments:
jvm_args: -Xmx1536M -Dfile.encoding=windows-1252 -Duser.country=US -Duser.language=en -Duser.variant 
java_command: org.gradle.launcher.daemon.bootstrap.GradleDaemon 6.7
java_class_path (initial): C:\Users\This PC\.gradle\wrapper\dists\gradle-6.7-all\cuy9mc7upwgwgeb72wkcrupxe\gradle-6.7\lib\gradle-launcher-6.7.jar
Launcher Type: SUN_STANDARD

Environment Variables:
JAVA_HOME=D:\Android\Android Studio\jre
CLASSPATH=D:\Programming\Flutter\covidly\android\\gradle\wrapper\gradle-wrapper.jar
PATH=C:\Program Files (x86)\Common Files\Oracle\Java\javapath;C:\Program Files (x86)\NVIDIA Corporation\PhysX\Common;C:\WINDOWS\system32;C:\WINDOWS;C:\WINDOWS\System32\Wbem;C:\WINDOWS\System32\WindowsPowerShell\v1.0\;C:\WINDOWS\System32\OpenSSH\;C:\Program Files\nodejs\;C:\Program Files\Git\cmd;C:\Program Files\dotnet\;C:\Program Files\Microsoft SQL Server\Client SDK\ODBC\170\Tools\Binn\;C:\Program Files (x86)\Microsoft SQL Server\140\Tools\Binn\;C:\Program Files\Microsoft SQL Server\140\Tools\Binn\;C:\Program Files\Microsoft SQL Server\140\DTS\Binn\;C:\Program Files\Microsoft SQL Server\Client SDK\ODBC\130\Tools\Binn\;C:\Program Files\Microsoft SQL Server\110\Tools\Binn\;C:\Program Files (x86)\Microsoft SQL Server\110\Tools\Binn\;C:\Program Files\Microsoft SQL Server\110\DTS\Binn\;C:\Program Files (x86)\Microsoft SQL Server\110\Tools\Binn\ManagementStudio\;C:\Program Files (x86)\Microsoft Visual Studio 10.0\Common7\IDE\PrivateAssemblies\;C:\Program Files (x86)\Microsoft SQL Server\110\DTS\Binn\;C:\Program Files\Microsoft SQL Server\130\Tools\Binn\;C:\Program Files\Java\jdk-13.0.2\bin;C:\Python\Python38\Scripts\;C:\Python\Python38\;C:\MinGW\bin;C:\Users\This PC\AppData\Local\Microsoft\WindowsApps;C:\Users\This PC\AppData\Local\Programs\Microsoft VS Code\bin;C:\Program Files (x86)\Java\jre1.8.0_241\bin;C:\Users\This PC\AppData\Local\GitHubDesktop\bin;C:\Users\This PC\AppData\Roaming\npm;C:\php 7;C:\Program Files\dotnet;C:\Users\This PC\AppData\Local\Microsoft\WindowsApps;D:\Android\flutter\bin;;D:\Android\flutter\bin\mingit\cmd
USERNAME=This PC
OS=Windows_NT
PROCESSOR_IDENTIFIER=AMD64 Family 23 Model 24 Stepping 1, AuthenticAMD



---------------  S Y S T E M  ---------------

OS: Windows 10.0 , 64 bit Build 19041 (10.0.19041.662)

CPU:total 8 (initial active 8) (8 cores per cpu, 1 threads per core) family 23 model 24 stepping 1, cmov, cx8, fxsr, mmx, sse, sse2, sse3, ssse3, sse4.1, sse4.2, popcnt, avx, avx2, aes, clmul, mmxext, 3dnowpref, lzcnt, sse4a, tsc, tscinvbit, tscinv, bmi1

Memory: 4k page, physical 6237840k(268852k free), swap 21376440k(256k free)

vm_info: OpenJDK 64-Bit Server VM (25.242-b01) for windows-amd64 JRE (1.8.0_242-release-1644-b01), built by "builder" with MS VC++ 10.0 (VS2010)

time: Thu May 13 12:55:05 2021
timezone: India Standard Time
elapsed time: 387 seconds (0d 0h 6m 27s)

